2025-12-12 10:48:40,222 - __main__ - ERROR - 程序运行失败: 'OpsAssistantGraph' object has no attribute 'checkpointer'
2025-12-12 10:50:25,478 - __main__ - ERROR - 程序运行失败: 'OpsAssistantGraph' object has no attribute 'checkpointer'
2025-12-12 10:55:50,627 - ops_graph - INFO - 启动智能运维助手...
2025-12-12 10:55:50,629 - ops_graph - INFO - 开始收集监控指标...
2025-12-12 10:55:50,641 - ops_graph - INFO - 收集到 9 个指标，2 个告警
2025-12-12 10:55:50,644 - ops_graph - INFO - 开始分析系统状态...
2025-12-12 10:56:19,645 - httpx - INFO - HTTP Request: POST https://dashscope.aliyuncs.com/compatible-mode/v1/chat/completions "HTTP/1.1 200 OK"
2025-12-12 10:56:19,650 - ops_graph - INFO - 系统分析完成，检测到 2 个问题
2025-12-12 10:56:19,651 - ops_graph - INFO - 开始生成执行计划...
2025-12-12 10:56:19,651 - ops_graph - INFO - 生成执行计划，包含 0 个操作
2025-12-12 10:56:19,652 - ops_graph - INFO - 生成运维报告...
2025-12-12 10:56:19,652 - ops_graph - INFO - 运维报告生成完成
2025-12-12 10:56:19,653 - ops_graph - INFO - 智能运维助手运行完成
2025-12-12 10:58:26,290 - ops_graph - INFO - 启动智能运维助手...
2025-12-12 10:58:26,293 - ops_graph - INFO - 开始收集监控指标...
2025-12-12 10:58:26,305 - ops_graph - INFO - 收集到 9 个指标，2 个告警
2025-12-12 10:58:26,308 - ops_graph - INFO - 开始分析系统状态...
2025-12-12 10:58:59,982 - httpx - INFO - HTTP Request: POST https://dashscope.aliyuncs.com/compatible-mode/v1/chat/completions "HTTP/1.1 200 OK"
2025-12-12 10:58:59,992 - ops_graph - INFO - 系统分析完成，检测到 2 个问题
2025-12-12 10:58:59,994 - ops_graph - INFO - 开始生成执行计划...
2025-12-12 10:58:59,994 - ops_graph - INFO - 生成执行计划，包含 0 个操作
2025-12-12 10:58:59,996 - ops_graph - INFO - 生成运维报告...
2025-12-12 10:58:59,996 - ops_graph - INFO - 运维报告生成完成
2025-12-12 10:58:59,997 - ops_graph - INFO - 智能运维助手运行完成
